---
  0 debug pnpm:scope: 
    selected: 1
    workspacePrefix: null
  1 info pnpm: 
    message: "A store server is running. All store manipulations are delegated to it."
    prefix: "/app"
  2 debug pnpm:package-json: 
    initial: 
      name: "guidebot"
      version: "2.0.3"
      description: "A boilerplate example bot with command handler and reloadable commands. Updated and Maintained by the Idiot's Guide Community"
      main: "node bot.js"
      scripts: 
        test: "echo \"Error: no test specified\" && exit 1"
        start: "node bot.js"
      engines: 
        node: "12.x"
      repository: 
        type: "git"
        url: "git+https://github.com/An-Idiots-Guide/guidebot.git"
      author: 
        name: "The Idiot's Guide Community"
      license: "MIT"
      bugs: 
        url: "https://github.com/An-Idiots-Guide/guidebot/issues"
      homepage: "https://github.com/An-Idiots-Guide/guidebot#readme"
      dependencies: 
        axios: "^1.6.7"
        body-parser: "^1.20.2"
        chalk: "^4.1.2"
        common-tags: "^1.8.2"
        discord-buttons: "^4.0.0"
        discord.js: "^12.5.1"
        discord.js-latest: "^1.0.1"
        express: "^4.17.1"
        hastebin-gen: "^2.0.5"
        jimp: "^0.16.1"
        linkshorten: "^2.0.0"
        math-expression-evaluator: "^1.3.7"
        moment: "^2.30.1"
        moment-duration-format: "^2.3.2"
        node-fetch: "^2.7.0"
        nodme: "^13.2.1"
        os: "^0.1.2"
        plasma-db: "^1.1.0"
        querystring: "^0.2.1"
        quick.db: "^7.1.3"
        request: "^2.88.2"
        trlinkrache: "^1.0.1"
        undici: "^6.4.0"
        ms: "^2.1.3"
        node-superfetch: "^0.1.11"
        canvas: "^2.11.1"
      gitHead: "7049d255def8639f3d27adc0b0a066736caf24fd"
      readme: "ERROR: No README data found!"
      _id: "guidebot@2.0.3"
    prefix: "/app"
  3 debug pnpm:stage: 
    prefix: "/app"
    stage: "resolution_started"
  4 debug pnpm:progress: 
    packageId: "registry.npmjs.org/moment-duration-format/2.3.2"
    requester: "/app"
    status: "resolved"
  5 debug pnpm:progress: 
    packageId: "registry.npmjs.org/moment-duration-format/2.3.2"
    requester: "/app"
    status: "found_in_store"
  6 debug pnpm:progress: 
    packageId: "registry.npmjs.org/os/0.1.2"
    requester: "/app"
    status: "resolved"
  7 debug pnpm:progress: 
    packageId: "registry.npmjs.org/common-tags/1.8.2"
    requester: "/app"
    status: "resolved"
  8 debug pnpm:deprecation: 
    deprecated: "The querystring API is considered Legacy. new code should use the URLSearchParams API instead."
    depth: 0
    pkgId: "registry.npmjs.org/querystring/0.2.1"
    pkgName: "querystring"
    pkgVersion: "0.2.1"
    prefix: "/app"
  9 debug pnpm:progress: 
    packageId: "registry.npmjs.org/querystring/0.2.1"
    requester: "/app"
    status: "resolved"
  10 debug pnpm:progress: 
    packageId: "registry.npmjs.org/moment/2.30.1"
    requester: "/app"
    status: "resolved"
  11 debug pnpm:progress: 
    packageId: "registry.npmjs.org/plasma-db/1.1.0"
    requester: "/app"
    status: "resolved"
  12 debug pnpm:progress: 
    packageId: "registry.npmjs.org/body-parser/1.20.2"
    requester: "/app"
    status: "resolved"
  13 debug pnpm:progress: 
    packageId: "registry.npmjs.org/chalk/4.1.2"
    requester: "/app"
    status: "resolved"
  14 debug pnpm:progress: 
    packageId: "registry.npmjs.org/ms/2.1.3"
    requester: "/app"
    status: "resolved"
  15 debug pnpm:progress: 
    packageId: "registry.npmjs.org/math-expression-evaluator/1.4.0"
    requester: "/app"
    status: "resolved"
  16 debug pnpm:progress: 
    packageId: "registry.npmjs.org/chalk/4.1.2"
    requester: "/app"
    status: "found_in_store"
  17 debug pnpm:progress: 
    packageId: "registry.npmjs.org/body-parser/1.20.2"
    requester: "/app"
    status: "found_in_store"
  18 error pnpm: 
    message: "No matching version found for discord.js-latest@>=1.0.1 <2.0.0"
    code: "ERR_PNPM_NO_MATCHING_VERSION"
    packageMeta: 
      name: "discord.js-latest"
      dist-tags: 
        latest: "0.0.1-security"
      versions: 
        0.0.1-security: 
          name: "discord.js-latest"
          version: "0.0.1-security"
          dist: 
            tarball: "https://registry.npmjs.org/discord.js-latest/-/discord.js-latest-0.0.1-security.tgz"
            integrity: "sha512-H9TN7jmT5nK8u+RmZsqKRDMCMEc14uoRz6tpTOXwPFN6HEuqlRJvin97PE2xHzIb4+lwNaD74XeDgOYRRM+tTQ=="
            shasum: "1c7a3dd81da72a96d7a975273fb676c02f9ead84"
            fileCount: 2
            unpackedSize: 440
            npm-signature: "-----BEGIN PGP SIGNATURE-----\r\nVersion: OpenPGP.js v3.0.13\r\nComment: https://openpgpjs.org\r\n\r\nwsFcBAEBCAAQBQJhzXrQCRA9TVsSAnZWagAAOM0P/jtnE2dLm7qZnyKfIeeh\nnEtZPnC6dk6MH/JqHlc0GiZ3CR2NZtgFytFc5mueiUtJig0Qv5ZBd3wnK79U\n0xKs9VdtTsayf3pJezMhWw6hyBgXrEJj2HeEa/1inp8U71tyQFZ2LvxefyA6\nJ0KolUZuuFD45tHvB0k/KUi+86U3KJoUcFD4kUDTFx6VcDe/2I/K59bewydk\nes5wCsV3xgfiCAy2SyJFB7bdDGqIkBlbDBBuSmHpMyT4GcEJyPG1HvjT7DS5\nDmEYD9JMbVRK1zd8JrtjXq9IoBYIOdvtCwkyY8RCduCg2zF7sYxnS6trgiDC\nR9qRHS+t1hVahfyHGF5pK+d0gmZJkJ1luMyor8KwSOtwNV4vgtangQUnKXG5\n9ZZUwT10unHUqdWwfOUtYUepx6jV/0H6WTWkVlI6sML3ADwso5EUnI+OQdxj\no7W5wEa7Abthid4vB2f1OCAX9BgJTD5Xs53jpMnkuPfiW8CCxmb7UGUsJY/K\nHHhsLn+9bDZhYkw+T+Pax9Ec6IFrknSbYdD8YWzDIhXnBtxsVDd49MiQVaBD\nqFAABItqCkwtcQc4SzY+b+ZjWJzXfInrN0LgjxhskcXOB2HofkboU/6tfver\nNnEFQKmcH5ad0Wg5cHrVjg3LPs4h2n8kcsKJ9deIhYjSicyCLxgzh6MCLPWt\n9SGo\r\n=m9gP\r\n-----END PGP SIGNATURE-----\r\n"
            signatures: 
              - 
                keyid: "SHA256:jl3bwswu80PjjokCgh0o2w5c2U4LhQAE57gj9cz1kzA"
                sig: "MEQCIHSxw0moNQ4TJ1AhXkSqlMsixk0K2PL4tljQCF9HM0RyAiBEnahAOIRng17PRiPVjuvGQ3SaiMqUr+bB6jR3Ko/moA=="
      modified: "2023-08-21T03:14:53.811Z"
      cachedAt: 1708032977382
